<?xml version="1.0" encoding="UTF-8"?>
<!-- Generated by org.testng.reporters.JUnitXMLReporter -->
<testsuite hostname="B2-LAP-DKSINGH" ignored="0" name="Test" tests="5" failures="2" timestamp="14 May 2018 08:20:12 GMT" time="63.55" errors="0">
  <testcase name="calulateBMI" time="0.2" classname="ActionAndFramesSel.Nakari"/>
  <testcase name="test" time="0.768" classname="com.GmailLogin.Calcbmi"/>
  <testcase name="calulateBMI" time="0.335" classname="ActionAndFramesSel.Google"/>
  <testcase name="takeScreenShot" time="0.033" classname="ActionAndFramesSel.ScreenShots">
    <failure type="org.openqa.selenium.WebDriverException" message="Unexpected value for profile: null
Build info: version: &amp;apos;3.11.0&amp;apos;, revision: &amp;apos;e59cfb3&amp;apos;, time: &amp;apos;2018-03-11T20:33:08.638Z&amp;apos;
System info: host: &amp;apos;B2-LAP-DKSINGH&amp;apos;, ip: &amp;apos;10.27.209.131&amp;apos;, os.name: &amp;apos;Windows 7&amp;apos;, os.arch: &amp;apos;amd64&amp;apos;, os.version: &amp;apos;6.1&amp;apos;, java.version: &amp;apos;1.8.0_45&amp;apos;
Driver info: driver.version: unknown">
      <![CDATA[org.openqa.selenium.WebDriverException: Unexpected value for profile: null
Build info: version: '3.11.0', revision: 'e59cfb3', time: '2018-03-11T20:33:08.638Z'
System info: host: 'B2-LAP-DKSINGH', ip: '10.27.209.131', os.name: 'Windows 7', os.arch: 'amd64', os.version: '6.1', java.version: '1.8.0_45'
Driver info: driver.version: unknown
at org.openqa.selenium.firefox.FirefoxOptions.setCapability(FirefoxOptions.java:329)
at org.openqa.selenium.firefox.FirefoxOptions.setProfile(FirefoxOptions.java:225)
at ActionAndFramesSel.ScreenShots.takeScreenShot(ScreenShots.java:38)
... Removed 25 stack frames]]>
    </failure>
  </testcase> <!-- takeScreenShot -->
  <testcase name="test" time="2.504" classname="com.lauchBrowser.OpenBrowser">
    <failure type="java.lang.AssertionError" message="expected [Secure Area] but found [The Internet]">
      <![CDATA[java.lang.AssertionError: expected [Secure Area] but found [The Internet]
at com.lauchBrowser.OpenBrowser.test(OpenBrowser.java:46)
... Removed 31 stack frames]]>
    </failure>
  </testcase> <!-- test -->
</testsuite> <!-- Test -->
